<?xml version="1.0" encoding="UTF-8"?>
<!-- Generated by org.testng.reporters.JUnitXMLReporter -->
<testsuite ignored="3" hostname="IN-V776W92VTP" failures="2" tests="2" name="Test" time="5.467" errors="0" timestamp="2023-06-10T13:05:17 IST">
  <testcase classname="AndroidBase.AndroidMobileBase" name="@BeforeMethod driverInitialization" time="4.387">
    <failure type="org.openqa.selenium.SessionNotCreatedException" message="Could not start a new session. Response code 404. Message: The session identified by f52be5cb-a527-459b-8c14-58c64b57c59a is not known 
Host info: host: &amp;apos;IN-V776W92VTP&amp;apos;, ip: &amp;apos;2405:201:a010:d07a:b59f:e79e:26f5:1d76%en0&amp;apos;
Build info: version: &amp;apos;4.10.0&amp;apos;, revision: &amp;apos;c14d967899&amp;apos;
System info: os.name: &amp;apos;Mac OS X&amp;apos;, os.arch: &amp;apos;x86_64&amp;apos;, os.version: &amp;apos;13.0&amp;apos;, java.version: &amp;apos;11.0.18&amp;apos;
Driver info: io.appium.java_client.android.AndroidDriver
Command: [null, newSession {capabilities=[{appium:app=/Users/subhankarsahoo/eclipse-workspace/AppiumFramework/Resources/General-Store.apk, appium:autoGrantPermissions=true, appium:automationName=uiautomator2, appium:chromedriverUseSystemExecutable=true, appium:deviceName=Pixel 5, appium:noReset=false, platformName=ANDROID}], desiredCapabilities=Capabilities {app: /Users/subhankarsahoo/eclip..., autoGrantPermissions: true, automationName: uiautomator2, chromedriverUseSystemExecutable: true, deviceName: Pixel 5, noReset: false, platformName: ANDROID}}]
Capabilities {app: /Users/subhankarsahoo/eclip..., autoGrantPermissions: true, automationName: uiautomator2, chromedriverUseSystemExecutable: true, deviceName: Pixel 5, noReset: false, platformName: ANDROID}">
      <![CDATA[org.openqa.selenium.SessionNotCreatedException: Could not start a new session. Response code 404. Message: The session identified by f52be5cb-a527-459b-8c14-58c64b57c59a is not known 
Host info: host: 'IN-V776W92VTP', ip: '2405:201:a010:d07a:b59f:e79e:26f5:1d76%en0'
Build info: version: '4.10.0', revision: 'c14d967899'
System info: os.name: 'Mac OS X', os.arch: 'x86_64', os.version: '13.0', java.version: '11.0.18'
Driver info: io.appium.java_client.android.AndroidDriver
Command: [null, newSession {capabilities=[{appium:app=/Users/subhankarsahoo/eclipse-workspace/AppiumFramework/Resources/General-Store.apk, appium:autoGrantPermissions=true, appium:automationName=uiautomator2, appium:chromedriverUseSystemExecutable=true, appium:deviceName=Pixel 5, appium:noReset=false, platformName=ANDROID}], desiredCapabilities=Capabilities {app: /Users/subhankarsahoo/eclip..., autoGrantPermissions: true, automationName: uiautomator2, chromedriverUseSystemExecutable: true, deviceName: Pixel 5, noReset: false, platformName: ANDROID}}]
Capabilities {app: /Users/subhankarsahoo/eclip..., autoGrantPermissions: true, automationName: uiautomator2, chromedriverUseSystemExecutable: true, deviceName: Pixel 5, noReset: false, platformName: ANDROID}
at org.openqa.selenium.remote.ProtocolHandshake.createSession(ProtocolHandshake.java:140)
at io.appium.java_client.remote.AppiumProtocolHandshake.createSession(AppiumProtocolHandshake.java:133)
at io.appium.java_client.remote.AppiumProtocolHandshake.createSession(AppiumProtocolHandshake.java:102)
at io.appium.java_client.remote.AppiumCommandExecutor.createSession(AppiumCommandExecutor.java:182)
at io.appium.java_client.remote.AppiumCommandExecutor.execute(AppiumCommandExecutor.java:250)
at org.openqa.selenium.remote.RemoteWebDriver.execute(RemoteWebDriver.java:531)
at io.appium.java_client.AppiumDriver.startSession(AppiumDriver.java:274)
at org.openqa.selenium.remote.RemoteWebDriver.<init>(RemoteWebDriver.java:154)
at io.appium.java_client.AppiumDriver.<init>(AppiumDriver.java:89)
at io.appium.java_client.AppiumDriver.<init>(AppiumDriver.java:101)
at io.appium.java_client.android.AndroidDriver.<init>(AndroidDriver.java:113)
at AndroidBase.AndroidMobileBase.driverInitialization(AndroidMobileBase.java:92)
at java.base/java.util.concurrent.ThreadPoolExecutor.runWorker(Unknown Source)
at java.base/java.util.concurrent.ThreadPoolExecutor$Worker.run(Unknown Source)
at java.base/java.lang.Thread.run(Unknown Source)
... Removed 20 stack frames]]>
    </failure>
  </testcase> <!-- @BeforeMethod driverInitialization -->
  <testcase classname="AndroidBase.AndroidMobileBase" name="@BeforeMethod driverInitialization" time="4.897">
    <failure type="org.openqa.selenium.SessionNotCreatedException" message="Could not start a new session. Response code 500. Message: An unknown server-side error occurred while processing the command. Original error: &amp;apos;GET /appium/device/pixel_ratio&amp;apos; cannot be proxied to UiAutomator2 server because the instrumentation process is not running (probably crashed). Check the server log and/or the logcat output for more details 
Host info: host: &amp;apos;IN-V776W92VTP&amp;apos;, ip: &amp;apos;2405:201:a010:d07a:b59f:e79e:26f5:1d76%en0&amp;apos;
Build info: version: &amp;apos;4.10.0&amp;apos;, revision: &amp;apos;c14d967899&amp;apos;
System info: os.name: &amp;apos;Mac OS X&amp;apos;, os.arch: &amp;apos;x86_64&amp;apos;, os.version: &amp;apos;13.0&amp;apos;, java.version: &amp;apos;11.0.18&amp;apos;
Driver info: io.appium.java_client.android.AndroidDriver
Command: [null, newSession {capabilities=[{appium:app=/Users/subhankarsahoo/eclipse-workspace/AppiumFramework/Resources/General-Store.apk, appium:autoGrantPermissions=true, appium:automationName=uiautomator2, appium:chromedriverUseSystemExecutable=true, appium:deviceName=Pixel 5, appium:noReset=false, platformName=ANDROID}], desiredCapabilities=Capabilities {app: /Users/subhankarsahoo/eclip..., autoGrantPermissions: true, automationName: uiautomator2, chromedriverUseSystemExecutable: true, deviceName: Pixel 5, noReset: false, platformName: ANDROID}}]
Capabilities {app: /Users/subhankarsahoo/eclip..., autoGrantPermissions: true, automationName: uiautomator2, chromedriverUseSystemExecutable: true, deviceName: Pixel 5, noReset: false, platformName: ANDROID}">
      <![CDATA[org.openqa.selenium.SessionNotCreatedException: Could not start a new session. Response code 500. Message: An unknown server-side error occurred while processing the command. Original error: 'GET /appium/device/pixel_ratio' cannot be proxied to UiAutomator2 server because the instrumentation process is not running (probably crashed). Check the server log and/or the logcat output for more details 
Host info: host: 'IN-V776W92VTP', ip: '2405:201:a010:d07a:b59f:e79e:26f5:1d76%en0'
Build info: version: '4.10.0', revision: 'c14d967899'
System info: os.name: 'Mac OS X', os.arch: 'x86_64', os.version: '13.0', java.version: '11.0.18'
Driver info: io.appium.java_client.android.AndroidDriver
Command: [null, newSession {capabilities=[{appium:app=/Users/subhankarsahoo/eclipse-workspace/AppiumFramework/Resources/General-Store.apk, appium:autoGrantPermissions=true, appium:automationName=uiautomator2, appium:chromedriverUseSystemExecutable=true, appium:deviceName=Pixel 5, appium:noReset=false, platformName=ANDROID}], desiredCapabilities=Capabilities {app: /Users/subhankarsahoo/eclip..., autoGrantPermissions: true, automationName: uiautomator2, chromedriverUseSystemExecutable: true, deviceName: Pixel 5, noReset: false, platformName: ANDROID}}]
Capabilities {app: /Users/subhankarsahoo/eclip..., autoGrantPermissions: true, automationName: uiautomator2, chromedriverUseSystemExecutable: true, deviceName: Pixel 5, noReset: false, platformName: ANDROID}
at org.openqa.selenium.remote.ProtocolHandshake.createSession(ProtocolHandshake.java:140)
at io.appium.java_client.remote.AppiumProtocolHandshake.createSession(AppiumProtocolHandshake.java:133)
at io.appium.java_client.remote.AppiumProtocolHandshake.createSession(AppiumProtocolHandshake.java:102)
at io.appium.java_client.remote.AppiumCommandExecutor.createSession(AppiumCommandExecutor.java:182)
at io.appium.java_client.remote.AppiumCommandExecutor.execute(AppiumCommandExecutor.java:250)
at org.openqa.selenium.remote.RemoteWebDriver.execute(RemoteWebDriver.java:531)
at io.appium.java_client.AppiumDriver.startSession(AppiumDriver.java:274)
at org.openqa.selenium.remote.RemoteWebDriver.<init>(RemoteWebDriver.java:154)
at io.appium.java_client.AppiumDriver.<init>(AppiumDriver.java:89)
at io.appium.java_client.AppiumDriver.<init>(AppiumDriver.java:101)
at io.appium.java_client.android.AndroidDriver.<init>(AndroidDriver.java:113)
at AndroidBase.AndroidMobileBase.driverInitialization(AndroidMobileBase.java:92)
at java.base/java.util.concurrent.ThreadPoolExecutor.runWorker(Unknown Source)
at java.base/java.util.concurrent.ThreadPoolExecutor$Worker.run(Unknown Source)
at java.base/java.lang.Thread.run(Unknown Source)
... Removed 20 stack frames]]>
    </failure>
  </testcase> <!-- @BeforeMethod driverInitialization -->
  <testcase classname="TestClasses.GeneralStore" name="validateProductsAddedToCart" time="4.698">
    <failure type="java.lang.IllegalArgumentException" message="Test name must not be null or empty">
      <![CDATA[java.lang.IllegalArgumentException: Test name must not be null or empty
at com.aventstack.extentreports.util.Assert.notEmpty(Assert.java:12)
at com.aventstack.extentreports.ExtentTest.<init>(ExtentTest.java:96)
at com.aventstack.extentreports.ExtentTest.<init>(ExtentTest.java:117)
at com.aventstack.extentreports.ExtentReports.createTest(ExtentReports.java:231)
at com.aventstack.extentreports.ExtentReports.createTest(ExtentReports.java:245)
at TestListeners.Listeners.onTestStart(Listeners.java:28)
at java.base/java.util.concurrent.ThreadPoolExecutor.runWorker(Unknown Source)
at java.base/java.util.concurrent.ThreadPoolExecutor$Worker.run(Unknown Source)
at java.base/java.lang.Thread.run(Unknown Source)
... Removed 10 stack frames]]>
    </failure>
  </testcase> <!-- validateProductsAddedToCart -->
  <testcase classname="TestClasses.GeneralStore" name="validationOfErrorMessageOnRegisterScreen" time="5.188">
    <failure type="java.lang.IllegalArgumentException" message="Test name must not be null or empty">
      <![CDATA[java.lang.IllegalArgumentException: Test name must not be null or empty
at com.aventstack.extentreports.util.Assert.notEmpty(Assert.java:12)
at com.aventstack.extentreports.ExtentTest.<init>(ExtentTest.java:96)
at com.aventstack.extentreports.ExtentTest.<init>(ExtentTest.java:117)
at com.aventstack.extentreports.ExtentReports.createTest(ExtentReports.java:231)
at com.aventstack.extentreports.ExtentReports.createTest(ExtentReports.java:245)
at TestListeners.Listeners.onTestStart(Listeners.java:28)
at java.base/java.util.concurrent.ThreadPoolExecutor.runWorker(Unknown Source)
at java.base/java.util.concurrent.ThreadPoolExecutor$Worker.run(Unknown Source)
at java.base/java.lang.Thread.run(Unknown Source)
... Removed 10 stack frames]]>
    </failure>
  </testcase> <!-- validationOfErrorMessageOnRegisterScreen -->
  <testcase classname="TestClasses.GeneralStore" name="validateSuccesfulRegistration" time="0.0">
    <ignored/>
  </testcase> <!-- validateSuccesfulRegistration -->
  <testcase classname="TestClasses.GeneralStore" name="validateUserCompletesCheckout" time="0.0">
    <ignored/>
  </testcase> <!-- validateUserCompletesCheckout -->
  <testcase classname="TestClasses.GeneralStore" name="validateUserAbleToCheckout" time="0.0">
    <ignored/>
  </testcase> <!-- validateUserAbleToCheckout -->
</testsuite> <!-- Test -->
