<?xml version="1.0" encoding="UTF-8"?>
<!-- Generated by org.testng.reporters.JUnitXMLReporter -->
<testsuite ignored="3" hostname="IN-V776W92VTP" failures="0" tests="4" name="AndroidTest1" time="0.761" errors="0" timestamp="2023-06-12T13:40:44 IST">
  <testcase classname="AndroidBase.AndroidMobileBase" name="@BeforeClass settingCapabilities" time="0.038">
    <failure type="java.lang.NullPointerException">
      <![CDATA[java.lang.NullPointerException
at AndroidBase.AndroidMobileBase.settingCapabilities(AndroidMobileBase.java:89)
at java.base/java.util.ArrayList.forEach(Unknown Source)
at java.base/java.util.concurrent.FutureTask.run(Unknown Source)
at java.base/java.util.concurrent.ThreadPoolExecutor.runWorker(Unknown Source)
at java.base/java.util.concurrent.ThreadPoolExecutor$Worker.run(Unknown Source)
at java.base/java.lang.Thread.run(Unknown Source)
... Removed 15 stack frames]]>
    </failure>
  </testcase> <!-- @BeforeClass settingCapabilities -->
  <testcase classname="AndroidBase.AndroidMobileBase" name="@AfterClass driverTearDown" time="0.0">
    <skipped/>
  </testcase> <!-- @AfterClass driverTearDown -->
  <testcase classname="TestClasses.Android.GeneralStore" name="validateSuccesfulRegistration" time="0.001">
    <skipped/>
  </testcase> <!-- validateSuccesfulRegistration -->
  <testcase classname="TestClasses.Android.GeneralStore" name="validateSuccesfulRegistration" time="0.0">
    <skipped/>
  </testcase> <!-- validateSuccesfulRegistration -->
  <testcase classname="TestClasses.Android.GeneralStore" name="validationOfErrorMessageOnRegisterScreen" time="0.0">
    <skipped/>
  </testcase> <!-- validationOfErrorMessageOnRegisterScreen -->
  <testcase classname="TestClasses.Android.GeneralStore" name="validationOfErrorMessageOnRegisterScreen" time="0.0">
    <skipped/>
  </testcase> <!-- validationOfErrorMessageOnRegisterScreen -->
  <testcase classname="TestClasses.Android.GeneralStore" name="validateUserCompletesCheckout" time="0.0">
    <ignored/>
  </testcase> <!-- validateUserCompletesCheckout -->
  <testcase classname="TestClasses.Android.GeneralStore" name="validateUserAbleToCheckout" time="0.0">
    <ignored/>
  </testcase> <!-- validateUserAbleToCheckout -->
  <testcase classname="TestClasses.Android.GeneralStore" name="validateProductsAddedToCart" time="0.0">
    <ignored/>
  </testcase> <!-- validateProductsAddedToCart -->
</testsuite> <!-- AndroidTest1 -->
