<?xml version="1.0" encoding="UTF-8"?>
<!-- Generated by org.testng.reporters.JUnitXMLReporter -->
<testsuite ignored="4" hostname="IN-V776W92VTP" failures="0" tests="2" name="AndroidTest" time="34.01" errors="0" timestamp="2023-06-11T14:07:30 IST">
  <testcase classname="TestClasses.Android.GeneralStore" name="validationOfErrorMessageOnRegisterScreen" time="9.092"/>
  <testcase classname="TestClasses.Android.GeneralStore" name="validationOfErrorMessageOnRegisterScreen" time="12.921"/>
  <testcase classname="TestClasses.Android.GeneralStore" name="validateProductsAddedToCart" time="0.0">
    <ignored/>
  </testcase> <!-- validateProductsAddedToCart -->
  <testcase classname="TestClasses.Android.GeneralStore" name="validateUserAbleToCheckout" time="0.0">
    <ignored/>
  </testcase> <!-- validateUserAbleToCheckout -->
  <testcase classname="TestClasses.Android.GeneralStore" name="validateUserCompletesCheckout" time="0.0">
    <ignored/>
  </testcase> <!-- validateUserCompletesCheckout -->
  <testcase classname="TestClasses.Android.GeneralStore" name="validateSuccesfulRegistration" time="0.0">
    <ignored/>
  </testcase> <!-- validateSuccesfulRegistration -->
</testsuite> <!-- AndroidTest -->
