<?xml version="1.0" encoding="UTF-8"?>
<!-- Generated by org.testng.reporters.JUnitXMLReporter -->
<testsuite ignored="4" hostname="IN-V776W92VTP" failures="0" tests="2" name="AndroidTest2" time="27.966" errors="0" timestamp="2023-06-12T13:02:38 IST">
  <testcase classname="TestClasses.Android.GeneralStore" name="validationOfErrorMessageOnRegisterScreen" time="9.292"/>
  <testcase classname="TestClasses.Android.GeneralStore" name="validationOfErrorMessageOnRegisterScreen" time="11.412"/>
  <testcase classname="TestClasses.Android.GeneralStore" name="validateProductsAddedToCart" time="0.0">
    <ignored/>
  </testcase> <!-- validateProductsAddedToCart -->
  <testcase classname="TestClasses.Android.GeneralStore" name="validateSuccesfulRegistration" time="0.0">
    <ignored/>
  </testcase> <!-- validateSuccesfulRegistration -->
  <testcase classname="TestClasses.Android.GeneralStore" name="validateUserAbleToCheckout" time="0.0">
    <ignored/>
  </testcase> <!-- validateUserAbleToCheckout -->
  <testcase classname="TestClasses.Android.GeneralStore" name="validateUserCompletesCheckout" time="0.0">
    <ignored/>
  </testcase> <!-- validateUserCompletesCheckout -->
</testsuite> <!-- AndroidTest2 -->
