<?xml version="1.0" encoding="UTF-8"?>
<!-- Generated by org.testng.reporters.JUnitXMLReporter -->
<testsuite ignored="3" hostname="IN-V776W92VTP" failures="0" tests="4" name="Basic android test on General store application" time="67.895" errors="0" timestamp="2023-08-30T10:55:51 IST">
  <testcase classname="TestClasses.Android.GeneralStore" name="validateSuccesfulRegistration" time="10.409"/>
  <testcase classname="TestClasses.Android.GeneralStore" name="validateSuccesfulRegistration" time="14.326"/>
  <testcase classname="TestClasses.Android.GeneralStore" name="validationOfErrorMessageOnRegisterScreen" time="9.293"/>
  <testcase classname="TestClasses.Android.GeneralStore" name="validationOfErrorMessageOnRegisterScreen" time="13.421"/>
  <testcase classname="TestClasses.Android.GeneralStore" name="validateUserCompletesCheckout" time="0.0">
    <ignored/>
  </testcase> <!-- validateUserCompletesCheckout -->
  <testcase classname="TestClasses.Android.GeneralStore" name="validateProductsAddedToCart" time="0.0">
    <ignored/>
  </testcase> <!-- validateProductsAddedToCart -->
  <testcase classname="TestClasses.Android.GeneralStore" name="validateUserAbleToCheckout" time="0.0">
    <ignored/>
  </testcase> <!-- validateUserAbleToCheckout -->
</testsuite> <!-- Basic android test on General store application -->
