<?xml version="1.0" encoding="UTF-8"?>
<!-- Generated by org.testng.reporters.JUnitXMLReporter -->
<testsuite ignored="0" hostname="IN-V776W92VTP" failures="0" tests="1" name="IOSTest2" time="1.002" errors="0" timestamp="2023-06-11T14:46:09 IST">
  <testcase classname="IOSBase.IOSMobileBase" name="@BeforeMethod driverInitialization" time="0.059">
    <failure type="java.lang.NullPointerException">
      <![CDATA[java.lang.NullPointerException
at IOSBase.IOSMobileBase.driverInitialization(IOSMobileBase.java:73)
at java.base/java.util.ArrayList.forEach(Unknown Source)
at java.base/java.util.concurrent.FutureTask.run(Unknown Source)
at java.base/java.util.concurrent.ThreadPoolExecutor.runWorker(Unknown Source)
at java.base/java.util.concurrent.ThreadPoolExecutor$Worker.run(Unknown Source)
at java.base/java.lang.Thread.run(Unknown Source)
... Removed 21 stack frames]]>
    </failure>
  </testcase> <!-- @BeforeMethod driverInitialization -->
  <testcase classname="IOSBase.IOSMobileBase" name="@AfterMethod driverTearDown" time="0.0">
    <skipped/>
  </testcase> <!-- @AfterMethod driverTearDown -->
  <testcase classname="TestClasses.IOS.KitCatalogApp2" name="validateAlertViewPopup" time="0.0">
    <skipped/>
  </testcase> <!-- validateAlertViewPopup -->
</testsuite> <!-- IOSTest2 -->
